<?xml version="1.0" encoding="UTF-8" ?>
<testsuite tests="15" failures="1" name="com.renault.yatzy.YatzyTest" time="0.121" errors="0" skipped="0">
  <properties>
[...]
</properties>
  <testcase classname="com.renault.yatzy.YatzyTest" name="chance_scores_sum_of_all_dice" time="0.007"/>
  <testcase classname="com.renault.yatzy.YatzyTest" name="fullHouse" time="0"/>
  <testcase classname="com.renault.yatzy.YatzyTest" name="test_1s" time="0.099"/>
  <testcase classname="com.renault.yatzy.YatzyTest" name="test_2s" time="0"/>
  <testcase classname="com.renault.yatzy.YatzyTest" name="smallStraight" time="0"/>
  <testcase classname="com.renault.yatzy.YatzyTest" name="sixes_test" time="0"/>
  <testcase classname="com.renault.yatzy.YatzyTest" name="test_threes" time="0.001"/>
  <testcase classname="com.renault.yatzy.YatzyTest" name="four_of_a_knd" time="0"/>
  <testcase classname="com.renault.yatzy.YatzyTest" name="fives" time="0"/>
  <testcase classname="com.renault.yatzy.YatzyTest" name="largeStraight" time="0"/>
  <testcase classname="com.renault.yatzy.YatzyTest" name="three_of_a_kind" time="0"/>
  <testcase classname="com.renault.yatzy.YatzyTest" name="yatzy_scores_50" time="0.014">
    <failure message="expected:&lt;0&gt; but was:&lt;50&gt;" type="java.lang.AssertionError">java.lang.AssertionError: expected:&lt;0&gt; but was:&lt;50&gt;
	at org.junit.Assert.fail(Assert.java:88)
	at org.junit.Assert.failNotEquals(Assert.java:834)
	at org.junit.Assert.assertEquals(Assert.java:645)
	at org.junit.Assert.assertEquals(Assert.java:631)
	at com.renault.yatzy.YatzyTest.yatzy_scores_50(YatzyTest.java:18)
	at sun.reflect.NativeMethodAccessorImpl.invoke0(Native Method)
	at sun.reflect.NativeMethodAccessorImpl.invoke(NativeMethodAccessorImpl.java:62)
	at sun.reflect.DelegatingMethodAccessorImpl.invoke(DelegatingMethodAccessorImpl.java:43)
	at java.lang.reflect.Method.invoke(Method.java:498)
	at org.junit.runners.model.FrameworkMethod$1.runReflectiveCall(FrameworkMethod.java:50)
	at org.junit.internal.runners.model.ReflectiveCallable.run(ReflectiveCallable.java:12)
	at org.junit.runners.model.FrameworkMethod.invokeExplosively(FrameworkMethod.java:47)
	at org.junit.internal.runners.statements.InvokeMethod.evaluate(InvokeMethod.java:17)
	at org.junit.runners.ParentRunner.runLeaf(ParentRunner.java:325)
	at org.junit.runners.BlockJUnit4ClassRunner.runChild(BlockJUnit4ClassRunner.java:78)
	at org.junit.runners.BlockJUnit4ClassRunner.runChild(BlockJUnit4ClassRunner.java:57)
	at org.junit.runners.ParentRunner$3.run(ParentRunner.java:290)
	at org.junit.runners.ParentRunner$1.schedule(ParentRunner.java:71)
	at org.junit.runners.ParentRunner.runChildren(ParentRunner.java:288)
	at org.junit.runners.ParentRunner.access$000(ParentRunner.java:58)
	at org.junit.runners.ParentRunner$2.evaluate(ParentRunner.java:268)
	at org.junit.runners.ParentRunner.run(ParentRunner.java:363)
	at org.apache.maven.surefire.junit4.JUnit4Provider.execute(JUnit4Provider.java:252)
	at org.apache.maven.surefire.junit4.JUnit4Provider.executeTestSet(JUnit4Provider.java:141)
	at org.apache.maven.surefire.junit4.JUnit4Provider.invoke(JUnit4Provider.java:112)
	at sun.reflect.NativeMethodAccessorImpl.invoke0(Native Method)
	at sun.reflect.NativeMethodAccessorImpl.invoke(NativeMethodAccessorImpl.java:62)
	at sun.reflect.DelegatingMethodAccessorImpl.invoke(DelegatingMethodAccessorImpl.java:43)
	at java.lang.reflect.Method.invoke(Method.java:498)
	at org.apache.maven.surefire.util.ReflectionUtils.invokeMethodWithArray(ReflectionUtils.java:189)
	at org.apache.maven.surefire.booter.ProviderFactory$ProviderProxy.invoke(ProviderFactory.java:165)
	at org.apache.maven.surefire.booter.ProviderFactory.invokeProvider(ProviderFactory.java:85)
	at org.apache.maven.surefire.booter.ForkedBooter.runSuitesInProcess(ForkedBooter.java:115)
	at org.apache.maven.surefire.booter.ForkedBooter.main(ForkedBooter.java:75)
</failure>
  </testcase>
  <testcase classname="com.renault.yatzy.YatzyTest" name="two_Pair" time="0"/>
  <testcase classname="com.renault.yatzy.YatzyTest" name="fours_test" time="0"/>
  <testcase classname="com.renault.yatzy.YatzyTest" name="one_pair" time="0"/>
</testsuite>